<?xml version="1.0" encoding="utf-8"?><testsuites name="pytest tests"><testsuite name="pytest" errors="0" failures="0" skipped="0" tests="23" time="2.562" timestamp="2026-04-27T18:13:40.431481+00:00" hostname="agent-env-3135cb77-8448-4c73-b469-42c65e13ebbe"><testcase classname="backend.tests.test_pims_api.TestAuth" name="test_login_success" time="0.698" /><testcase classname="backend.tests.test_pims_api.TestAuth" name="test_me_with_cookie" time="0.078" /><testcase classname="backend.tests.test_pims_api.TestAuth" name="test_login_invalid" time="0.180" /><testcase classname="backend.tests.test_pims_api.TestPatients" name="test_create_patient" time="0.062" /><testcase classname="backend.tests.test_pims_api.TestPatients" name="test_list_patients" time="0.059" /><testcase classname="backend.tests.test_pims_api.TestPatients" name="test_search_patient" time="0.064" /><testcase classname="backend.tests.test_pims_api.TestPatients" name="test_get_patient_detail" time="0.063" /><testcase classname="backend.tests.test_pims_api.TestDoctors" name="test_create_doctor" time="0.286" /><testcase classname="backend.tests.test_pims_api.TestDoctors" name="test_list_doctors" time="0.067" /><testcase classname="backend.tests.test_pims_api.TestAppointments" name="test_get_slots" time="0.067" /><testcase classname="backend.tests.test_pims_api.TestAppointments" name="test_create_appointment" time="0.075" /><testcase classname="backend.tests.test_pims_api.TestAppointments" name="test_double_booking_blocked" time="0.057" /><testcase classname="backend.tests.test_pims_api.TestInventory" name="test_create_inventory" time="0.055" /><testcase classname="backend.tests.test_pims_api.TestInventory" name="test_stock_in" time="0.063" /><testcase classname="backend.tests.test_pims_api.TestInventory" name="test_stock_out" time="0.056" /><testcase classname="backend.tests.test_pims_api.TestPrescriptions" name="test_create_prescription" time="0.058" /><testcase classname="backend.tests.test_pims_api.TestPrescriptions" name="test_inventory_deducted" time="0.055" /><testcase classname="backend.tests.test_pims_api.TestBilling" name="test_create_bill" time="0.061" /><testcase classname="backend.tests.test_pims_api.TestBilling" name="test_mark_bill_paid" time="0.129" /><testcase classname="backend.tests.test_pims_api.TestDashboard" name="test_stats" time="0.062" /><testcase classname="backend.tests.test_pims_api.TestNotifications" name="test_list" time="0.056" /><testcase classname="backend.tests.test_pims_api.TestNotifications" name="test_read_all" time="0.057" /><testcase classname="backend.tests.test_pims_api.TestZLogout" name="test_logout" time="0.066" /></testsuite></testsuites>